
[04-21-22 08:26:37 AM] [LOG] Ready? 3.. 2.. 1.. GO!
[04-21-22 08:26:37 AM] [LOG] Loaded Commands: 3
[04-21-22 08:26:37 AM] [LOG] Loaded Events: 2
[04-21-22 08:26:37 AM] [LOG] Loaded Modules: 0
[04-21-22 10:55:58 AM] [LOG] Ready? 3.. 2.. 1.. GO!
[04-21-22 10:55:58 AM] [LOG] Loaded Commands: 3
[04-21-22 10:55:58 AM] [LOG] Loaded Events: 2
[04-21-22 10:55:58 AM] [LOG] Loaded Modules: 0
[04-21-22 03:04:53 PM] [LOG] Ready? 3.. 2.. 1.. GO!
[04-21-22 03:04:53 PM] [LOG] Loaded Commands: 3
[04-21-22 03:04:53 PM] [LOG] Loaded Events: 2
[04-21-22 03:04:53 PM] [LOG] Loaded Modules: 0
[04-21-22 07:23:54 PM] [LOG] Ready? 3.. 2.. 1.. GO!
[04-21-22 07:23:54 PM] [LOG] Loaded Commands: 3
[04-21-22 07:23:54 PM] [LOG] Loaded Events: 3
[04-21-22 07:23:54 PM] [LOG] Loaded Modules: 0
[04-21-22 07:26:06 PM] [LOG] Ready? 3.. 2.. 1.. GO!
[04-21-22 07:26:06 PM] [LOG] Loaded Commands: 3
[04-21-22 07:26:06 PM] [LOG] Loaded Events: 3
[04-21-22 07:26:06 PM] [LOG] Loaded Modules: 0
[04-21-22 07:37:17 PM] [LOG] Ready? 3.. 2.. 1.. GO!
[04-21-22 07:37:17 PM] [LOG] Loaded Commands: 4
[04-21-22 07:37:17 PM] [LOG] Loaded Events: 3
[04-21-22 07:37:17 PM] [LOG] Loaded Modules: 0
[04-21-22 07:40:24 PM] [LOG] Ready? 3.. 2.. 1.. GO!
[04-21-22 07:40:24 PM] [LOG] Loaded Commands: 4
[04-21-22 07:40:24 PM] [LOG] Loaded Events: 3
[04-21-22 07:40:24 PM] [LOG] Loaded Modules: 0
[04-21-22 07:50:41 PM] [LOG] Ready? 3.. 2.. 1.. GO!
[04-21-22 07:50:41 PM] [LOG] Loaded Commands: 4
[04-21-22 07:50:41 PM] [LOG] Loaded Events: 3
[04-21-22 07:50:41 PM] [LOG] Loaded Modules: 0
[04-21-22 07:51:38 PM] [LOG] Ready? 3.. 2.. 1.. GO!
[04-21-22 07:51:38 PM] [LOG] Loaded Commands: 4
[04-21-22 07:51:38 PM] [LOG] Loaded Events: 3
[04-21-22 07:51:38 PM] [LOG] Loaded Modules: 0
[04-21-22 07:52:56 PM] [LOG] Ready? 3.. 2.. 1.. GO!
[04-21-22 07:52:56 PM] [LOG] Loaded Commands: 4
[04-21-22 07:52:56 PM] [LOG] Loaded Events: 3
[04-21-22 07:52:56 PM] [LOG] Loaded Modules: 0
[04-21-22 07:56:06 PM] [LOG] Ready? 3.. 2.. 1.. GO!
[04-21-22 07:56:06 PM] [LOG] Loaded Commands: 4
[04-21-22 07:56:06 PM] [LOG] Loaded Events: 3
[04-21-22 07:56:06 PM] [LOG] Loaded Modules: 0
[04-21-22 07:56:19 PM] [LOG] Ready? 3.. 2.. 1.. GO!
[04-21-22 07:56:19 PM] [LOG] Loaded Commands: 4
[04-21-22 07:56:19 PM] [LOG] Loaded Events: 3
[04-21-22 07:56:19 PM] [LOG] Loaded Modules: 0
[04-22-22 02:45:30 AM] [LOG] Ready? 3.. 2.. 1.. GO!
[04-22-22 02:45:30 AM] [LOG] Loaded Commands: 4
[04-22-22 02:45:30 AM] [LOG] Loaded Events: 3
[04-22-22 02:45:30 AM] [LOG] Loaded Modules: 0
[04-22-22 06:30:08 AM] [LOG] Ready? 3.. 2.. 1.. GO!
[04-22-22 06:30:08 AM] [LOG] Loaded Commands: 4
[04-22-22 06:30:08 AM] [LOG] Loaded Events: 3
[04-22-22 06:30:08 AM] [LOG] Loaded Modules: 0
[04-22-22 03:54:22 PM] [LOG] Ready? 3.. 2.. 1.. GO!
[04-22-22 03:54:22 PM] [LOG] Loaded Commands: 4
[04-22-22 03:54:22 PM] [LOG] Loaded Events: 3
[04-22-22 03:54:22 PM] [LOG] Loaded Modules: 0
[04-23-22 09:44:48 AM] [LOG] Ready? 3.. 2.. 1.. GO!
[04-23-22 09:44:48 AM] [LOG] Loaded Commands: 4
[04-23-22 09:44:48 AM] [LOG] Loaded Events: 3
[04-23-22 09:44:48 AM] [LOG] Loaded Modules: 0
[04-23-22 09:45:39 AM] [LOG] Ready? 3.. 2.. 1.. GO!
[04-23-22 09:45:39 AM] [LOG] Loaded Commands: 4
[04-23-22 09:45:39 AM] [LOG] Loaded Events: 3
[04-23-22 09:45:39 AM] [LOG] Loaded Modules: 0
[04-23-22 09:52:13 AM] [LOG] Ready? 3.. 2.. 1.. GO!
[04-23-22 09:52:14 AM] [LOG] Loaded Commands: 4
[04-23-22 09:52:14 AM] [LOG] Loaded Events: 3
[04-23-22 09:52:14 AM] [LOG] Loaded Modules: 0